<?xml version="1.0" encoding="UTF-8"?>
<testsuite xmlns:xsi="http://www.w3.org/2001/XMLSchema-instance" xsi:noNamespaceSchemaLocation="https://maven.apache.org/surefire/maven-surefire-plugin/xsd/surefire-test-report-3.0.xsd" version="3.0" name="runner.TestRunner" time="19.774" tests="9" errors="0" skipped="3" failures="0">
  <properties>
[...]
</properties>
  <testcase name="Given User navigates to the Login page" classname="Scenario: Validate user is able to view after log in" time="0.003">
    <system-out><![CDATA[Feature: LoggedIn User View
]]></system-out>
    <system-err><![CDATA[Starting ChromeDriver 114.0.5735.90 (386bc09e8f4f2e025eddae123f36f6263096ae49-refs/branch-heads/5735@{#1052}) on port 30885
Only local connections are allowed.
Please see https://chromedriver.chromium.org/security-considerations for suggestions on keeping ChromeDriver safe.
ChromeDriver was started successfully.
[1691138134.028][WARNING]: This version of ChromeDriver has not been tested with Chrome version 115.
Aug. 04, 2023 6:35:34 PM org.openqa.selenium.devtools.CdpVersionFinder findNearestMatch
WARNING: Unable to find CDP implementation matching 115
Aug. 04, 2023 6:35:34 PM org.openqa.selenium.chromium.ChromiumDriver lambda$new$3
WARNING: Unable to find version of CDP to use for . You may need to include a dependency on a specific version of the CDP using something similar to `org.seleniumhq.selenium:selenium-devtools-v86:4.5.3` where the version ("v86") matches the version of the chromium-based browser you're using and the version number of the artifact is the same as Selenium's.
]]></system-err>
  </testcase>
  <testcase name="When User successfully enters the log in details" classname="Scenario: Validate user is able to view after log in" time="0"/>
  <testcase name="Then User should be able to view the product category page" classname="Scenario: Validate user is able to view after log in" time="0"/>
  <testcase name="" classname="Scenario: Validate user is able to view after log in" time="0.001"/>
  <testcase name="Given User navigates to the Login page" classname="Scenario: Validate new user is able to view after clicking on new Registration" time="0">
    <system-out><![CDATA[
  @loggedInUser
  Scenario: Validate user is able to view after log in         &amp#27;[90m# LoggedInUser.feature:4&amp#27;[0m
    &amp#27;[32mGiven &amp#27;[0m&amp#27;[32mUser navigates to the Login page&amp#27;[0m                     &amp#27;[90m# BasePage.user_navigates_to_the_Login_page()&amp#27;[0m
    &amp#27;[32mWhen &amp#27;[0m&amp#27;[32mUser successfully enters the log in details&amp#27;[0m           &amp#27;[90m# SignInPage.user_logsin_to_login_page()&amp#27;[0m
    &amp#27;[32mThen &amp#27;[0m&amp#27;[32mUser should be able to view the product category page&amp#27;[0m &amp#27;[90m# ProductCategoryPage.product_category_validation()&amp#27;[0m
Feature: New User View
]]></system-out>
    <system-err><![CDATA[Starting ChromeDriver 114.0.5735.90 (386bc09e8f4f2e025eddae123f36f6263096ae49-refs/branch-heads/5735@{#1052}) on port 37596
Only local connections are allowed.
Please see https://chromedriver.chromium.org/security-considerations for suggestions on keeping ChromeDriver safe.
ChromeDriver was started successfully.
[1691138144.414][WARNING]: This version of ChromeDriver has not been tested with Chrome version 115.
Aug. 04, 2023 6:35:44 PM org.openqa.selenium.devtools.CdpVersionFinder findNearestMatch
WARNING: Unable to find CDP implementation matching 115
Aug. 04, 2023 6:35:44 PM org.openqa.selenium.chromium.ChromiumDriver lambda$new$3
WARNING: Unable to find version of CDP to use for . You may need to include a dependency on a specific version of the CDP using something similar to `org.seleniumhq.selenium:selenium-devtools-v86:4.5.3` where the version ("v86") matches the version of the chromium-based browser you're using and the version number of the artifact is the same as Selenium's.
]]></system-err>
  </testcase>
  <testcase name="When User clicks on new Registration button" classname="Scenario: Validate new user is able to view after clicking on new Registration" time="0">
    <skipped/>
  </testcase>
  <testcase name="Then User should be able to view the Registration page" classname="Scenario: Validate new user is able to view after clicking on new Registration" time="0">
    <skipped/>
  </testcase>
  <testcase name="" classname="Scenario: Validate new user is able to view after clicking on new Registration" time="0">
    <skipped/>
  </testcase>
  <testcase name="" classname="Scenario: Validate new user is able to view after clicking on new Registration" time="0.004"/>
</testsuite>